<?xml version="1.0" encoding="UTF-8"?>
<!-- Generated by org.testng.reporters.JUnitReportReporter -->
<testsuite hostname="INL-JHD6T73" failures="0" tests="3" name="Amazon_Test.Testsetup" time="7.655" errors="0" timestamp="2024-04-08T17:11:19 IST" skipped="0">
  <testcase classname="Amazon_Test.Testsetup" name="islaunch" time="0.013"/>
  <testcase classname="Amazon_Test.Testsetup" name="searchheadphone" time="7.093"/>
  <testcase classname="Amazon_Test.Testsetup" name="validcolor" time="0.549"/>
</testsuite> <!-- Amazon_Test.Testsetup -->
